<?xml version="1.0" encoding="UTF-8"?>
<!-- Generated by org.testng.reporters.JUnitXMLReporter -->
<testsuite hostname="sudhanshu" name=" Regression Test" tests="14" failures="0" timestamp="2 Dec 2020 05:23:38 GMT" time="116.74" errors="0">
  <testcase name="@BeforeClass setUp" time="0.0" classname="com.bits4Testing.test.DistributedVersionControlSystem">
    <failure type="org.openqa.selenium.WebDriverException" message="unknown error: Could not read in devtools port number
Build info: version: &amp;apos;3.141.59&amp;apos;, revision: &amp;apos;e82be7d358&amp;apos;, time: &amp;apos;2018-11-14T08:17:03&amp;apos;
System info: host: &amp;apos;SUDHANSHU&amp;apos;, ip: &amp;apos;192.168.225.242&amp;apos;, os.name: &amp;apos;Windows 10&amp;apos;, os.arch: &amp;apos;amd64&amp;apos;, os.version: &amp;apos;10.0&amp;apos;, java.version: &amp;apos;1.8.0_201&amp;apos;
Driver info: driver.version: ChromeDriver
remote stacktrace: Backtrace:
	Ordinal0 [0x0057C013+3194899]
	Ordinal0 [0x00466021+2056225]
	Ordinal0 [0x002FF608+587272]
	Ordinal0 [0x00281073+69747]
	Ordinal0 [0x0027E054+57428]
	Ordinal0 [0x0027C64A+50762]
	Ordinal0 [0x002A1EE9+204521]
	Ordinal0 [0x002A1D0D+204045]
	Ordinal0 [0x0029FC1B+195611]
	Ordinal0 [0x00283B7F+80767]
	Ordinal0 [0x00284B4E+84814]
	Ordinal0 [0x00284AD9+84697]
	Ordinal0 [0x0047CE64+2149988]
	GetHandleVerifier [0x006EBE95+1400773]
	GetHandleVerifier [0x006EBB61+1399953]
	GetHandleVerifier [0x006F31FA+1430314]
	GetHandleVerifier [0x006EC69F+1402831]
	Ordinal0 [0x00473D61+2112865]
	Ordinal0 [0x0047E5CB+2155979]
	Ordinal0 [0x0047E6F5+2156277]
	Ordinal0 [0x0048F26E+2224750]
	BaseThreadInitThunk [0x75686359+25]
	RtlGetAppContainerNamedObjectPath [0x778E8944+228]
	RtlGetAppContainerNamedObjectPath [0x778E8914+180]
">
      <![CDATA[org.openqa.selenium.WebDriverException: unknown error: Could not read in devtools port number
Build info: version: '3.141.59', revision: 'e82be7d358', time: '2018-11-14T08:17:03'
System info: host: 'SUDHANSHU', ip: '192.168.225.242', os.name: 'Windows 10', os.arch: 'amd64', os.version: '10.0', java.version: '1.8.0_201'
Driver info: driver.version: ChromeDriver
remote stacktrace: Backtrace:
	Ordinal0 [0x0057C013+3194899]
	Ordinal0 [0x00466021+2056225]
	Ordinal0 [0x002FF608+587272]
	Ordinal0 [0x00281073+69747]
	Ordinal0 [0x0027E054+57428]
	Ordinal0 [0x0027C64A+50762]
	Ordinal0 [0x002A1EE9+204521]
	Ordinal0 [0x002A1D0D+204045]
	Ordinal0 [0x0029FC1B+195611]
	Ordinal0 [0x00283B7F+80767]
	Ordinal0 [0x00284B4E+84814]
	Ordinal0 [0x00284AD9+84697]
	Ordinal0 [0x0047CE64+2149988]
	GetHandleVerifier [0x006EBE95+1400773]
	GetHandleVerifier [0x006EBB61+1399953]
	GetHandleVerifier [0x006F31FA+1430314]
	GetHandleVerifier [0x006EC69F+1402831]
	Ordinal0 [0x00473D61+2112865]
	Ordinal0 [0x0047E5CB+2155979]
	Ordinal0 [0x0047E6F5+2156277]
	Ordinal0 [0x0048F26E+2224750]
	BaseThreadInitThunk [0x75686359+25]
	RtlGetAppContainerNamedObjectPath [0x778E8944+228]
	RtlGetAppContainerNamedObjectPath [0x778E8914+180]

	at org.openqa.selenium.remote.W3CHandshakeResponse.lambda$errorHandler$0(W3CHandshakeResponse.java:62)
	at org.openqa.selenium.remote.HandshakeResponse.lambda$getResponseFunction$0(HandshakeResponse.java:30)
	at org.openqa.selenium.remote.ProtocolHandshake.lambda$createSession$0(ProtocolHandshake.java:126)
	at java.util.stream.ReferencePipeline$3$1.accept(Unknown Source)
	at java.util.Spliterators$ArraySpliterator.tryAdvance(Unknown Source)
	at java.util.stream.ReferencePipeline.forEachWithCancel(Unknown Source)
	at java.util.stream.AbstractPipeline.copyIntoWithCancel(Unknown Source)
	at java.util.stream.AbstractPipeline.copyInto(Unknown Source)
	at java.util.stream.AbstractPipeline.wrapAndCopyInto(Unknown Source)
	at java.util.stream.FindOps$FindOp.evaluateSequential(Unknown Source)
	at java.util.stream.AbstractPipeline.evaluate(Unknown Source)
	at java.util.stream.ReferencePipeline.findFirst(Unknown Source)
	at org.openqa.selenium.remote.ProtocolHandshake.createSession(ProtocolHandshake.java:128)
	at org.openqa.selenium.remote.ProtocolHandshake.createSession(ProtocolHandshake.java:74)
	at org.openqa.selenium.remote.HttpCommandExecutor.execute(HttpCommandExecutor.java:136)
	at org.openqa.selenium.remote.service.DriverCommandExecutor.execute(DriverCommandExecutor.java:83)
	at org.openqa.selenium.remote.RemoteWebDriver.execute(RemoteWebDriver.java:552)
	at org.openqa.selenium.remote.RemoteWebDriver.startSession(RemoteWebDriver.java:213)
	at org.openqa.selenium.remote.RemoteWebDriver.<init>(RemoteWebDriver.java:131)
	at org.openqa.selenium.chrome.ChromeDriver.<init>(ChromeDriver.java:181)
	at org.openqa.selenium.chrome.ChromeDriver.<init>(ChromeDriver.java:168)
	at org.openqa.selenium.chrome.ChromeDriver.<init>(ChromeDriver.java:123)
	at com.bits4Testing.test.Baseclass.setUp(Baseclass.java:37)
	at java.util.concurrent.ThreadPoolExecutor.runWorker(Unknown Source)
	at java.util.concurrent.ThreadPoolExecutor$Worker.run(Unknown Source)
	at java.lang.Thread.run(Unknown Source)
... Removed 13 stack frames]]>
    </failure>
  </testcase> <!-- @BeforeClass setUp -->
  <testcase name="@BeforeClass setUp" time="0.0" classname="com.bits4Testing.test.Functionaltesting">
    <failure type="org.openqa.selenium.WebDriverException" message="chrome not reachable
Build info: version: &amp;apos;3.141.59&amp;apos;, revision: &amp;apos;e82be7d358&amp;apos;, time: &amp;apos;2018-11-14T08:17:03&amp;apos;
System info: host: &amp;apos;SUDHANSHU&amp;apos;, ip: &amp;apos;192.168.225.242&amp;apos;, os.name: &amp;apos;Windows 10&amp;apos;, os.arch: &amp;apos;amd64&amp;apos;, os.version: &amp;apos;10.0&amp;apos;, java.version: &amp;apos;1.8.0_201&amp;apos;
Driver info: driver.version: ChromeDriver
remote stacktrace: Backtrace:
	Ordinal0 [0x0057C013+3194899]
	Ordinal0 [0x00466021+2056225]
	Ordinal0 [0x002FF4B0+586928]
	Ordinal0 [0x002F57C5+546757]
	Ordinal0 [0x002816F0+71408]
	Ordinal0 [0x0027E229+57897]
	Ordinal0 [0x0027C64A+50762]
	Ordinal0 [0x002A1EE9+204521]
	Ordinal0 [0x002A1D0D+204045]
	Ordinal0 [0x0029FC1B+195611]
	Ordinal0 [0x00283B7F+80767]
	Ordinal0 [0x00284B4E+84814]
	Ordinal0 [0x00284AD9+84697]
	Ordinal0 [0x0047CE64+2149988]
	GetHandleVerifier [0x006EBE95+1400773]
	GetHandleVerifier [0x006EBB61+1399953]
	GetHandleVerifier [0x006F31FA+1430314]
	GetHandleVerifier [0x006EC69F+1402831]
	Ordinal0 [0x00473D61+2112865]
	Ordinal0 [0x0047E5CB+2155979]
	Ordinal0 [0x0047E6F5+2156277]
	Ordinal0 [0x0048F26E+2224750]
	BaseThreadInitThunk [0x75686359+25]
	RtlGetAppContainerNamedObjectPath [0x778E8944+228]
	RtlGetAppContainerNamedObjectPath [0x778E8914+180]
">
      <![CDATA[org.openqa.selenium.WebDriverException: chrome not reachable
Build info: version: '3.141.59', revision: 'e82be7d358', time: '2018-11-14T08:17:03'
System info: host: 'SUDHANSHU', ip: '192.168.225.242', os.name: 'Windows 10', os.arch: 'amd64', os.version: '10.0', java.version: '1.8.0_201'
Driver info: driver.version: ChromeDriver
remote stacktrace: Backtrace:
	Ordinal0 [0x0057C013+3194899]
	Ordinal0 [0x00466021+2056225]
	Ordinal0 [0x002FF4B0+586928]
	Ordinal0 [0x002F57C5+546757]
	Ordinal0 [0x002816F0+71408]
	Ordinal0 [0x0027E229+57897]
	Ordinal0 [0x0027C64A+50762]
	Ordinal0 [0x002A1EE9+204521]
	Ordinal0 [0x002A1D0D+204045]
	Ordinal0 [0x0029FC1B+195611]
	Ordinal0 [0x00283B7F+80767]
	Ordinal0 [0x00284B4E+84814]
	Ordinal0 [0x00284AD9+84697]
	Ordinal0 [0x0047CE64+2149988]
	GetHandleVerifier [0x006EBE95+1400773]
	GetHandleVerifier [0x006EBB61+1399953]
	GetHandleVerifier [0x006F31FA+1430314]
	GetHandleVerifier [0x006EC69F+1402831]
	Ordinal0 [0x00473D61+2112865]
	Ordinal0 [0x0047E5CB+2155979]
	Ordinal0 [0x0047E6F5+2156277]
	Ordinal0 [0x0048F26E+2224750]
	BaseThreadInitThunk [0x75686359+25]
	RtlGetAppContainerNamedObjectPath [0x778E8944+228]
	RtlGetAppContainerNamedObjectPath [0x778E8914+180]

	at org.openqa.selenium.remote.W3CHandshakeResponse.lambda$errorHandler$0(W3CHandshakeResponse.java:62)
	at org.openqa.selenium.remote.HandshakeResponse.lambda$getResponseFunction$0(HandshakeResponse.java:30)
	at org.openqa.selenium.remote.ProtocolHandshake.lambda$createSession$0(ProtocolHandshake.java:126)
	at java.util.stream.ReferencePipeline$3$1.accept(Unknown Source)
	at java.util.Spliterators$ArraySpliterator.tryAdvance(Unknown Source)
	at java.util.stream.ReferencePipeline.forEachWithCancel(Unknown Source)
	at java.util.stream.AbstractPipeline.copyIntoWithCancel(Unknown Source)
	at java.util.stream.AbstractPipeline.copyInto(Unknown Source)
	at java.util.stream.AbstractPipeline.wrapAndCopyInto(Unknown Source)
	at java.util.stream.FindOps$FindOp.evaluateSequential(Unknown Source)
	at java.util.stream.AbstractPipeline.evaluate(Unknown Source)
	at java.util.stream.ReferencePipeline.findFirst(Unknown Source)
	at org.openqa.selenium.remote.ProtocolHandshake.createSession(ProtocolHandshake.java:128)
	at org.openqa.selenium.remote.ProtocolHandshake.createSession(ProtocolHandshake.java:74)
	at org.openqa.selenium.remote.HttpCommandExecutor.execute(HttpCommandExecutor.java:136)
	at org.openqa.selenium.remote.service.DriverCommandExecutor.execute(DriverCommandExecutor.java:83)
	at org.openqa.selenium.remote.RemoteWebDriver.execute(RemoteWebDriver.java:552)
	at org.openqa.selenium.remote.RemoteWebDriver.startSession(RemoteWebDriver.java:213)
	at org.openqa.selenium.remote.RemoteWebDriver.<init>(RemoteWebDriver.java:131)
	at org.openqa.selenium.chrome.ChromeDriver.<init>(ChromeDriver.java:181)
	at org.openqa.selenium.chrome.ChromeDriver.<init>(ChromeDriver.java:168)
	at org.openqa.selenium.chrome.ChromeDriver.<init>(ChromeDriver.java:123)
	at com.bits4Testing.test.Baseclass.setUp(Baseclass.java:37)
	at java.util.concurrent.ThreadPoolExecutor.runWorker(Unknown Source)
	at java.util.concurrent.ThreadPoolExecutor$Worker.run(Unknown Source)
	at java.lang.Thread.run(Unknown Source)
... Removed 13 stack frames]]>
    </failure>
  </testcase> <!-- @BeforeClass setUp -->
  <testcase name="@BeforeClass setUp" time="0.0" classname="com.bits4Testing.test.STLCSoftwareTestingLifeCycle">
    <failure type="org.openqa.selenium.WebDriverException" message="chrome not reachable
Build info: version: &amp;apos;3.141.59&amp;apos;, revision: &amp;apos;e82be7d358&amp;apos;, time: &amp;apos;2018-11-14T08:17:03&amp;apos;
System info: host: &amp;apos;SUDHANSHU&amp;apos;, ip: &amp;apos;192.168.225.242&amp;apos;, os.name: &amp;apos;Windows 10&amp;apos;, os.arch: &amp;apos;amd64&amp;apos;, os.version: &amp;apos;10.0&amp;apos;, java.version: &amp;apos;1.8.0_201&amp;apos;
Driver info: driver.version: ChromeDriver
remote stacktrace: Backtrace:
	Ordinal0 [0x0057C013+3194899]
	Ordinal0 [0x00466021+2056225]
	Ordinal0 [0x002FF4B0+586928]
	Ordinal0 [0x002F57C5+546757]
	Ordinal0 [0x002816F0+71408]
	Ordinal0 [0x0027E229+57897]
	Ordinal0 [0x0027C64A+50762]
	Ordinal0 [0x002A1EE9+204521]
	Ordinal0 [0x002A1D0D+204045]
	Ordinal0 [0x0029FC1B+195611]
	Ordinal0 [0x00283B7F+80767]
	Ordinal0 [0x00284B4E+84814]
	Ordinal0 [0x00284AD9+84697]
	Ordinal0 [0x0047CE64+2149988]
	GetHandleVerifier [0x006EBE95+1400773]
	GetHandleVerifier [0x006EBB61+1399953]
	GetHandleVerifier [0x006F31FA+1430314]
	GetHandleVerifier [0x006EC69F+1402831]
	Ordinal0 [0x00473D61+2112865]
	Ordinal0 [0x0047E5CB+2155979]
	Ordinal0 [0x0047E6F5+2156277]
	Ordinal0 [0x0048F26E+2224750]
	BaseThreadInitThunk [0x75686359+25]
	RtlGetAppContainerNamedObjectPath [0x778E8944+228]
	RtlGetAppContainerNamedObjectPath [0x778E8914+180]
">
      <![CDATA[org.openqa.selenium.WebDriverException: chrome not reachable
Build info: version: '3.141.59', revision: 'e82be7d358', time: '2018-11-14T08:17:03'
System info: host: 'SUDHANSHU', ip: '192.168.225.242', os.name: 'Windows 10', os.arch: 'amd64', os.version: '10.0', java.version: '1.8.0_201'
Driver info: driver.version: ChromeDriver
remote stacktrace: Backtrace:
	Ordinal0 [0x0057C013+3194899]
	Ordinal0 [0x00466021+2056225]
	Ordinal0 [0x002FF4B0+586928]
	Ordinal0 [0x002F57C5+546757]
	Ordinal0 [0x002816F0+71408]
	Ordinal0 [0x0027E229+57897]
	Ordinal0 [0x0027C64A+50762]
	Ordinal0 [0x002A1EE9+204521]
	Ordinal0 [0x002A1D0D+204045]
	Ordinal0 [0x0029FC1B+195611]
	Ordinal0 [0x00283B7F+80767]
	Ordinal0 [0x00284B4E+84814]
	Ordinal0 [0x00284AD9+84697]
	Ordinal0 [0x0047CE64+2149988]
	GetHandleVerifier [0x006EBE95+1400773]
	GetHandleVerifier [0x006EBB61+1399953]
	GetHandleVerifier [0x006F31FA+1430314]
	GetHandleVerifier [0x006EC69F+1402831]
	Ordinal0 [0x00473D61+2112865]
	Ordinal0 [0x0047E5CB+2155979]
	Ordinal0 [0x0047E6F5+2156277]
	Ordinal0 [0x0048F26E+2224750]
	BaseThreadInitThunk [0x75686359+25]
	RtlGetAppContainerNamedObjectPath [0x778E8944+228]
	RtlGetAppContainerNamedObjectPath [0x778E8914+180]

	at org.openqa.selenium.remote.W3CHandshakeResponse.lambda$errorHandler$0(W3CHandshakeResponse.java:62)
	at org.openqa.selenium.remote.HandshakeResponse.lambda$getResponseFunction$0(HandshakeResponse.java:30)
	at org.openqa.selenium.remote.ProtocolHandshake.lambda$createSession$0(ProtocolHandshake.java:126)
	at java.util.stream.ReferencePipeline$3$1.accept(Unknown Source)
	at java.util.Spliterators$ArraySpliterator.tryAdvance(Unknown Source)
	at java.util.stream.ReferencePipeline.forEachWithCancel(Unknown Source)
	at java.util.stream.AbstractPipeline.copyIntoWithCancel(Unknown Source)
	at java.util.stream.AbstractPipeline.copyInto(Unknown Source)
	at java.util.stream.AbstractPipeline.wrapAndCopyInto(Unknown Source)
	at java.util.stream.FindOps$FindOp.evaluateSequential(Unknown Source)
	at java.util.stream.AbstractPipeline.evaluate(Unknown Source)
	at java.util.stream.ReferencePipeline.findFirst(Unknown Source)
	at org.openqa.selenium.remote.ProtocolHandshake.createSession(ProtocolHandshake.java:128)
	at org.openqa.selenium.remote.ProtocolHandshake.createSession(ProtocolHandshake.java:74)
	at org.openqa.selenium.remote.HttpCommandExecutor.execute(HttpCommandExecutor.java:136)
	at org.openqa.selenium.remote.service.DriverCommandExecutor.execute(DriverCommandExecutor.java:83)
	at org.openqa.selenium.remote.RemoteWebDriver.execute(RemoteWebDriver.java:552)
	at org.openqa.selenium.remote.RemoteWebDriver.startSession(RemoteWebDriver.java:213)
	at org.openqa.selenium.remote.RemoteWebDriver.<init>(RemoteWebDriver.java:131)
	at org.openqa.selenium.chrome.ChromeDriver.<init>(ChromeDriver.java:181)
	at org.openqa.selenium.chrome.ChromeDriver.<init>(ChromeDriver.java:168)
	at org.openqa.selenium.chrome.ChromeDriver.<init>(ChromeDriver.java:123)
	at com.bits4Testing.test.Baseclass.setUp(Baseclass.java:37)
	at java.util.concurrent.ThreadPoolExecutor.runWorker(Unknown Source)
	at java.util.concurrent.ThreadPoolExecutor$Worker.run(Unknown Source)
	at java.lang.Thread.run(Unknown Source)
... Removed 14 stack frames]]>
    </failure>
  </testcase> <!-- @BeforeClass setUp -->
  <testcase name="@BeforeClass setUp" time="0.0" classname="com.bits4Testing.test.BugLifeCycle">
    <failure type="org.openqa.selenium.WebDriverException" message="chrome not reachable
Build info: version: &amp;apos;3.141.59&amp;apos;, revision: &amp;apos;e82be7d358&amp;apos;, time: &amp;apos;2018-11-14T08:17:03&amp;apos;
System info: host: &amp;apos;SUDHANSHU&amp;apos;, ip: &amp;apos;192.168.225.242&amp;apos;, os.name: &amp;apos;Windows 10&amp;apos;, os.arch: &amp;apos;amd64&amp;apos;, os.version: &amp;apos;10.0&amp;apos;, java.version: &amp;apos;1.8.0_201&amp;apos;
Driver info: driver.version: ChromeDriver
remote stacktrace: Backtrace:
	Ordinal0 [0x0057C013+3194899]
	Ordinal0 [0x00466021+2056225]
	Ordinal0 [0x002FF4B0+586928]
	Ordinal0 [0x002F57C5+546757]
	Ordinal0 [0x002816F0+71408]
	Ordinal0 [0x0027E229+57897]
	Ordinal0 [0x0027C64A+50762]
	Ordinal0 [0x002A1EE9+204521]
	Ordinal0 [0x002A1D0D+204045]
	Ordinal0 [0x0029FC1B+195611]
	Ordinal0 [0x00283B7F+80767]
	Ordinal0 [0x00284B4E+84814]
	Ordinal0 [0x00284AD9+84697]
	Ordinal0 [0x0047CE64+2149988]
	GetHandleVerifier [0x006EBE95+1400773]
	GetHandleVerifier [0x006EBB61+1399953]
	GetHandleVerifier [0x006F31FA+1430314]
	GetHandleVerifier [0x006EC69F+1402831]
	Ordinal0 [0x00473D61+2112865]
	Ordinal0 [0x0047E5CB+2155979]
	Ordinal0 [0x0047E6F5+2156277]
	Ordinal0 [0x0048F26E+2224750]
	BaseThreadInitThunk [0x75686359+25]
	RtlGetAppContainerNamedObjectPath [0x778E8944+228]
	RtlGetAppContainerNamedObjectPath [0x778E8914+180]
">
      <![CDATA[org.openqa.selenium.WebDriverException: chrome not reachable
Build info: version: '3.141.59', revision: 'e82be7d358', time: '2018-11-14T08:17:03'
System info: host: 'SUDHANSHU', ip: '192.168.225.242', os.name: 'Windows 10', os.arch: 'amd64', os.version: '10.0', java.version: '1.8.0_201'
Driver info: driver.version: ChromeDriver
remote stacktrace: Backtrace:
	Ordinal0 [0x0057C013+3194899]
	Ordinal0 [0x00466021+2056225]
	Ordinal0 [0x002FF4B0+586928]
	Ordinal0 [0x002F57C5+546757]
	Ordinal0 [0x002816F0+71408]
	Ordinal0 [0x0027E229+57897]
	Ordinal0 [0x0027C64A+50762]
	Ordinal0 [0x002A1EE9+204521]
	Ordinal0 [0x002A1D0D+204045]
	Ordinal0 [0x0029FC1B+195611]
	Ordinal0 [0x00283B7F+80767]
	Ordinal0 [0x00284B4E+84814]
	Ordinal0 [0x00284AD9+84697]
	Ordinal0 [0x0047CE64+2149988]
	GetHandleVerifier [0x006EBE95+1400773]
	GetHandleVerifier [0x006EBB61+1399953]
	GetHandleVerifier [0x006F31FA+1430314]
	GetHandleVerifier [0x006EC69F+1402831]
	Ordinal0 [0x00473D61+2112865]
	Ordinal0 [0x0047E5CB+2155979]
	Ordinal0 [0x0047E6F5+2156277]
	Ordinal0 [0x0048F26E+2224750]
	BaseThreadInitThunk [0x75686359+25]
	RtlGetAppContainerNamedObjectPath [0x778E8944+228]
	RtlGetAppContainerNamedObjectPath [0x778E8914+180]

	at org.openqa.selenium.remote.W3CHandshakeResponse.lambda$errorHandler$0(W3CHandshakeResponse.java:62)
	at org.openqa.selenium.remote.HandshakeResponse.lambda$getResponseFunction$0(HandshakeResponse.java:30)
	at org.openqa.selenium.remote.ProtocolHandshake.lambda$createSession$0(ProtocolHandshake.java:126)
	at java.util.stream.ReferencePipeline$3$1.accept(Unknown Source)
	at java.util.Spliterators$ArraySpliterator.tryAdvance(Unknown Source)
	at java.util.stream.ReferencePipeline.forEachWithCancel(Unknown Source)
	at java.util.stream.AbstractPipeline.copyIntoWithCancel(Unknown Source)
	at java.util.stream.AbstractPipeline.copyInto(Unknown Source)
	at java.util.stream.AbstractPipeline.wrapAndCopyInto(Unknown Source)
	at java.util.stream.FindOps$FindOp.evaluateSequential(Unknown Source)
	at java.util.stream.AbstractPipeline.evaluate(Unknown Source)
	at java.util.stream.ReferencePipeline.findFirst(Unknown Source)
	at org.openqa.selenium.remote.ProtocolHandshake.createSession(ProtocolHandshake.java:128)
	at org.openqa.selenium.remote.ProtocolHandshake.createSession(ProtocolHandshake.java:74)
	at org.openqa.selenium.remote.HttpCommandExecutor.execute(HttpCommandExecutor.java:136)
	at org.openqa.selenium.remote.service.DriverCommandExecutor.execute(DriverCommandExecutor.java:83)
	at org.openqa.selenium.remote.RemoteWebDriver.execute(RemoteWebDriver.java:552)
	at org.openqa.selenium.remote.RemoteWebDriver.startSession(RemoteWebDriver.java:213)
	at org.openqa.selenium.remote.RemoteWebDriver.<init>(RemoteWebDriver.java:131)
	at org.openqa.selenium.chrome.ChromeDriver.<init>(ChromeDriver.java:181)
	at org.openqa.selenium.chrome.ChromeDriver.<init>(ChromeDriver.java:168)
	at org.openqa.selenium.chrome.ChromeDriver.<init>(ChromeDriver.java:123)
	at com.bits4Testing.test.Baseclass.setUp(Baseclass.java:37)
	at java.util.concurrent.ThreadPoolExecutor.runWorker(Unknown Source)
	at java.util.concurrent.ThreadPoolExecutor$Worker.run(Unknown Source)
	at java.lang.Thread.run(Unknown Source)
... Removed 13 stack frames]]>
    </failure>
  </testcase> <!-- @BeforeClass setUp -->
  <testcase name="@BeforeClass setUp" time="0.0" classname="com.bits4Testing.test.RegressionTesting">
    <failure type="org.openqa.selenium.WebDriverException" message="chrome not reachable
Build info: version: &amp;apos;3.141.59&amp;apos;, revision: &amp;apos;e82be7d358&amp;apos;, time: &amp;apos;2018-11-14T08:17:03&amp;apos;
System info: host: &amp;apos;SUDHANSHU&amp;apos;, ip: &amp;apos;192.168.225.242&amp;apos;, os.name: &amp;apos;Windows 10&amp;apos;, os.arch: &amp;apos;amd64&amp;apos;, os.version: &amp;apos;10.0&amp;apos;, java.version: &amp;apos;1.8.0_201&amp;apos;
Driver info: driver.version: ChromeDriver
remote stacktrace: Backtrace:
	Ordinal0 [0x0057C013+3194899]
	Ordinal0 [0x00466021+2056225]
	Ordinal0 [0x002FF4B0+586928]
	Ordinal0 [0x002F57C5+546757]
	Ordinal0 [0x002816F0+71408]
	Ordinal0 [0x0027E229+57897]
	Ordinal0 [0x0027C64A+50762]
	Ordinal0 [0x002A1EE9+204521]
	Ordinal0 [0x002A1D0D+204045]
	Ordinal0 [0x0029FC1B+195611]
	Ordinal0 [0x00283B7F+80767]
	Ordinal0 [0x00284B4E+84814]
	Ordinal0 [0x00284AD9+84697]
	Ordinal0 [0x0047CE64+2149988]
	GetHandleVerifier [0x006EBE95+1400773]
	GetHandleVerifier [0x006EBB61+1399953]
	GetHandleVerifier [0x006F31FA+1430314]
	GetHandleVerifier [0x006EC69F+1402831]
	Ordinal0 [0x00473D61+2112865]
	Ordinal0 [0x0047E5CB+2155979]
	Ordinal0 [0x0047E6F5+2156277]
	Ordinal0 [0x0048F26E+2224750]
	BaseThreadInitThunk [0x75686359+25]
	RtlGetAppContainerNamedObjectPath [0x778E8944+228]
	RtlGetAppContainerNamedObjectPath [0x778E8914+180]
">
      <![CDATA[org.openqa.selenium.WebDriverException: chrome not reachable
Build info: version: '3.141.59', revision: 'e82be7d358', time: '2018-11-14T08:17:03'
System info: host: 'SUDHANSHU', ip: '192.168.225.242', os.name: 'Windows 10', os.arch: 'amd64', os.version: '10.0', java.version: '1.8.0_201'
Driver info: driver.version: ChromeDriver
remote stacktrace: Backtrace:
	Ordinal0 [0x0057C013+3194899]
	Ordinal0 [0x00466021+2056225]
	Ordinal0 [0x002FF4B0+586928]
	Ordinal0 [0x002F57C5+546757]
	Ordinal0 [0x002816F0+71408]
	Ordinal0 [0x0027E229+57897]
	Ordinal0 [0x0027C64A+50762]
	Ordinal0 [0x002A1EE9+204521]
	Ordinal0 [0x002A1D0D+204045]
	Ordinal0 [0x0029FC1B+195611]
	Ordinal0 [0x00283B7F+80767]
	Ordinal0 [0x00284B4E+84814]
	Ordinal0 [0x00284AD9+84697]
	Ordinal0 [0x0047CE64+2149988]
	GetHandleVerifier [0x006EBE95+1400773]
	GetHandleVerifier [0x006EBB61+1399953]
	GetHandleVerifier [0x006F31FA+1430314]
	GetHandleVerifier [0x006EC69F+1402831]
	Ordinal0 [0x00473D61+2112865]
	Ordinal0 [0x0047E5CB+2155979]
	Ordinal0 [0x0047E6F5+2156277]
	Ordinal0 [0x0048F26E+2224750]
	BaseThreadInitThunk [0x75686359+25]
	RtlGetAppContainerNamedObjectPath [0x778E8944+228]
	RtlGetAppContainerNamedObjectPath [0x778E8914+180]

	at org.openqa.selenium.remote.W3CHandshakeResponse.lambda$errorHandler$0(W3CHandshakeResponse.java:62)
	at org.openqa.selenium.remote.HandshakeResponse.lambda$getResponseFunction$0(HandshakeResponse.java:30)
	at org.openqa.selenium.remote.ProtocolHandshake.lambda$createSession$0(ProtocolHandshake.java:126)
	at java.util.stream.ReferencePipeline$3$1.accept(Unknown Source)
	at java.util.Spliterators$ArraySpliterator.tryAdvance(Unknown Source)
	at java.util.stream.ReferencePipeline.forEachWithCancel(Unknown Source)
	at java.util.stream.AbstractPipeline.copyIntoWithCancel(Unknown Source)
	at java.util.stream.AbstractPipeline.copyInto(Unknown Source)
	at java.util.stream.AbstractPipeline.wrapAndCopyInto(Unknown Source)
	at java.util.stream.FindOps$FindOp.evaluateSequential(Unknown Source)
	at java.util.stream.AbstractPipeline.evaluate(Unknown Source)
	at java.util.stream.ReferencePipeline.findFirst(Unknown Source)
	at org.openqa.selenium.remote.ProtocolHandshake.createSession(ProtocolHandshake.java:128)
	at org.openqa.selenium.remote.ProtocolHandshake.createSession(ProtocolHandshake.java:74)
	at org.openqa.selenium.remote.HttpCommandExecutor.execute(HttpCommandExecutor.java:136)
	at org.openqa.selenium.remote.service.DriverCommandExecutor.execute(DriverCommandExecutor.java:83)
	at org.openqa.selenium.remote.RemoteWebDriver.execute(RemoteWebDriver.java:552)
	at org.openqa.selenium.remote.RemoteWebDriver.startSession(RemoteWebDriver.java:213)
	at org.openqa.selenium.remote.RemoteWebDriver.<init>(RemoteWebDriver.java:131)
	at org.openqa.selenium.chrome.ChromeDriver.<init>(ChromeDriver.java:181)
	at org.openqa.selenium.chrome.ChromeDriver.<init>(ChromeDriver.java:168)
	at org.openqa.selenium.chrome.ChromeDriver.<init>(ChromeDriver.java:123)
	at com.bits4Testing.test.Baseclass.setUp(Baseclass.java:37)
	at java.util.concurrent.ThreadPoolExecutor.runWorker(Unknown Source)
	at java.util.concurrent.ThreadPoolExecutor$Worker.run(Unknown Source)
	at java.lang.Thread.run(Unknown Source)
... Removed 14 stack frames]]>
    </failure>
  </testcase> <!-- @BeforeClass setUp -->
  <testcase name="@AfterClass shutDown" time="0.0" classname="com.bits4Testing.test.RegressionTesting">
    <skipped/>
  </testcase> <!-- @AfterClass shutDown -->
  <testcase name="@BeforeClass setUp" time="0.0" classname="com.bits4Testing.test.GITgitHub">
    <failure type="org.openqa.selenium.WebDriverException" message="chrome not reachable
Build info: version: &amp;apos;3.141.59&amp;apos;, revision: &amp;apos;e82be7d358&amp;apos;, time: &amp;apos;2018-11-14T08:17:03&amp;apos;
System info: host: &amp;apos;SUDHANSHU&amp;apos;, ip: &amp;apos;192.168.225.242&amp;apos;, os.name: &amp;apos;Windows 10&amp;apos;, os.arch: &amp;apos;amd64&amp;apos;, os.version: &amp;apos;10.0&amp;apos;, java.version: &amp;apos;1.8.0_201&amp;apos;
Driver info: driver.version: ChromeDriver
remote stacktrace: Backtrace:
	Ordinal0 [0x0057C013+3194899]
	Ordinal0 [0x00466021+2056225]
	Ordinal0 [0x002FF4B0+586928]
	Ordinal0 [0x002F57C5+546757]
	Ordinal0 [0x002816F0+71408]
	Ordinal0 [0x0027E229+57897]
	Ordinal0 [0x0027C64A+50762]
	Ordinal0 [0x002A1EE9+204521]
	Ordinal0 [0x002A1D0D+204045]
	Ordinal0 [0x0029FC1B+195611]
	Ordinal0 [0x00283B7F+80767]
	Ordinal0 [0x00284B4E+84814]
	Ordinal0 [0x00284AD9+84697]
	Ordinal0 [0x0047CE64+2149988]
	GetHandleVerifier [0x006EBE95+1400773]
	GetHandleVerifier [0x006EBB61+1399953]
	GetHandleVerifier [0x006F31FA+1430314]
	GetHandleVerifier [0x006EC69F+1402831]
	Ordinal0 [0x00473D61+2112865]
	Ordinal0 [0x0047E5CB+2155979]
	Ordinal0 [0x0047E6F5+2156277]
	Ordinal0 [0x0048F26E+2224750]
	BaseThreadInitThunk [0x75686359+25]
	RtlGetAppContainerNamedObjectPath [0x778E8944+228]
	RtlGetAppContainerNamedObjectPath [0x778E8914+180]
">
      <![CDATA[org.openqa.selenium.WebDriverException: chrome not reachable
Build info: version: '3.141.59', revision: 'e82be7d358', time: '2018-11-14T08:17:03'
System info: host: 'SUDHANSHU', ip: '192.168.225.242', os.name: 'Windows 10', os.arch: 'amd64', os.version: '10.0', java.version: '1.8.0_201'
Driver info: driver.version: ChromeDriver
remote stacktrace: Backtrace:
	Ordinal0 [0x0057C013+3194899]
	Ordinal0 [0x00466021+2056225]
	Ordinal0 [0x002FF4B0+586928]
	Ordinal0 [0x002F57C5+546757]
	Ordinal0 [0x002816F0+71408]
	Ordinal0 [0x0027E229+57897]
	Ordinal0 [0x0027C64A+50762]
	Ordinal0 [0x002A1EE9+204521]
	Ordinal0 [0x002A1D0D+204045]
	Ordinal0 [0x0029FC1B+195611]
	Ordinal0 [0x00283B7F+80767]
	Ordinal0 [0x00284B4E+84814]
	Ordinal0 [0x00284AD9+84697]
	Ordinal0 [0x0047CE64+2149988]
	GetHandleVerifier [0x006EBE95+1400773]
	GetHandleVerifier [0x006EBB61+1399953]
	GetHandleVerifier [0x006F31FA+1430314]
	GetHandleVerifier [0x006EC69F+1402831]
	Ordinal0 [0x00473D61+2112865]
	Ordinal0 [0x0047E5CB+2155979]
	Ordinal0 [0x0047E6F5+2156277]
	Ordinal0 [0x0048F26E+2224750]
	BaseThreadInitThunk [0x75686359+25]
	RtlGetAppContainerNamedObjectPath [0x778E8944+228]
	RtlGetAppContainerNamedObjectPath [0x778E8914+180]

	at org.openqa.selenium.remote.W3CHandshakeResponse.lambda$errorHandler$0(W3CHandshakeResponse.java:62)
	at org.openqa.selenium.remote.HandshakeResponse.lambda$getResponseFunction$0(HandshakeResponse.java:30)
	at org.openqa.selenium.remote.ProtocolHandshake.lambda$createSession$0(ProtocolHandshake.java:126)
	at java.util.stream.ReferencePipeline$3$1.accept(Unknown Source)
	at java.util.Spliterators$ArraySpliterator.tryAdvance(Unknown Source)
	at java.util.stream.ReferencePipeline.forEachWithCancel(Unknown Source)
	at java.util.stream.AbstractPipeline.copyIntoWithCancel(Unknown Source)
	at java.util.stream.AbstractPipeline.copyInto(Unknown Source)
	at java.util.stream.AbstractPipeline.wrapAndCopyInto(Unknown Source)
	at java.util.stream.FindOps$FindOp.evaluateSequential(Unknown Source)
	at java.util.stream.AbstractPipeline.evaluate(Unknown Source)
	at java.util.stream.ReferencePipeline.findFirst(Unknown Source)
	at org.openqa.selenium.remote.ProtocolHandshake.createSession(ProtocolHandshake.java:128)
	at org.openqa.selenium.remote.ProtocolHandshake.createSession(ProtocolHandshake.java:74)
	at org.openqa.selenium.remote.HttpCommandExecutor.execute(HttpCommandExecutor.java:136)
	at org.openqa.selenium.remote.service.DriverCommandExecutor.execute(DriverCommandExecutor.java:83)
	at org.openqa.selenium.remote.RemoteWebDriver.execute(RemoteWebDriver.java:552)
	at org.openqa.selenium.remote.RemoteWebDriver.startSession(RemoteWebDriver.java:213)
	at org.openqa.selenium.remote.RemoteWebDriver.<init>(RemoteWebDriver.java:131)
	at org.openqa.selenium.chrome.ChromeDriver.<init>(ChromeDriver.java:181)
	at org.openqa.selenium.chrome.ChromeDriver.<init>(ChromeDriver.java:168)
	at org.openqa.selenium.chrome.ChromeDriver.<init>(ChromeDriver.java:123)
	at com.bits4Testing.test.Baseclass.setUp(Baseclass.java:37)
	at java.util.concurrent.ThreadPoolExecutor.runWorker(Unknown Source)
	at java.util.concurrent.ThreadPoolExecutor$Worker.run(Unknown Source)
	at java.lang.Thread.run(Unknown Source)
... Removed 14 stack frames]]>
    </failure>
  </testcase> <!-- @BeforeClass setUp -->
  <testcase name="@AfterClass shutDown" time="0.0" classname="com.bits4Testing.test.BugLifeCycle">
    <skipped/>
  </testcase> <!-- @AfterClass shutDown -->
  <testcase name="@AfterClass shutDown" time="0.0" classname="com.bits4Testing.test.STLCSoftwareTestingLifeCycle">
    <skipped/>
  </testcase> <!-- @AfterClass shutDown -->
  <testcase name="@AfterClass shutDown" time="0.0" classname="com.bits4Testing.test.GITgitHub">
    <skipped/>
  </testcase> <!-- @AfterClass shutDown -->
  <testcase name="@AfterClass shutDown" time="0.0" classname="com.bits4Testing.test.DistributedVersionControlSystem">
    <skipped/>
  </testcase> <!-- @AfterClass shutDown -->
  <testcase name="@AfterClass shutDown" time="0.0" classname="com.bits4Testing.test.Functionaltesting">
    <skipped/>
  </testcase> <!-- @AfterClass shutDown -->
  <testcase name="@BeforeClass setUp" time="0.0" classname="com.bits4Testing.test.ApiBasicTerminologies">
    <failure type="org.openqa.selenium.WebDriverException" message="chrome not reachable
Build info: version: &amp;apos;3.141.59&amp;apos;, revision: &amp;apos;e82be7d358&amp;apos;, time: &amp;apos;2018-11-14T08:17:03&amp;apos;
System info: host: &amp;apos;SUDHANSHU&amp;apos;, ip: &amp;apos;192.168.225.242&amp;apos;, os.name: &amp;apos;Windows 10&amp;apos;, os.arch: &amp;apos;amd64&amp;apos;, os.version: &amp;apos;10.0&amp;apos;, java.version: &amp;apos;1.8.0_201&amp;apos;
Driver info: driver.version: ChromeDriver
remote stacktrace: Backtrace:
	Ordinal0 [0x0057C013+3194899]
	Ordinal0 [0x00466021+2056225]
	Ordinal0 [0x002FF4B0+586928]
	Ordinal0 [0x002F57C5+546757]
	Ordinal0 [0x002816F0+71408]
	Ordinal0 [0x0027E229+57897]
	Ordinal0 [0x0027C64A+50762]
	Ordinal0 [0x002A1EE9+204521]
	Ordinal0 [0x002A1D0D+204045]
	Ordinal0 [0x0029FC1B+195611]
	Ordinal0 [0x00283B7F+80767]
	Ordinal0 [0x00284B4E+84814]
	Ordinal0 [0x00284AD9+84697]
	Ordinal0 [0x0047CE64+2149988]
	GetHandleVerifier [0x006EBE95+1400773]
	GetHandleVerifier [0x006EBB61+1399953]
	GetHandleVerifier [0x006F31FA+1430314]
	GetHandleVerifier [0x006EC69F+1402831]
	Ordinal0 [0x00473D61+2112865]
	Ordinal0 [0x0047E5CB+2155979]
	Ordinal0 [0x0047E6F5+2156277]
	Ordinal0 [0x0048F26E+2224750]
	BaseThreadInitThunk [0x75686359+25]
	RtlGetAppContainerNamedObjectPath [0x778E8944+228]
	RtlGetAppContainerNamedObjectPath [0x778E8914+180]
">
      <![CDATA[org.openqa.selenium.WebDriverException: chrome not reachable
Build info: version: '3.141.59', revision: 'e82be7d358', time: '2018-11-14T08:17:03'
System info: host: 'SUDHANSHU', ip: '192.168.225.242', os.name: 'Windows 10', os.arch: 'amd64', os.version: '10.0', java.version: '1.8.0_201'
Driver info: driver.version: ChromeDriver
remote stacktrace: Backtrace:
	Ordinal0 [0x0057C013+3194899]
	Ordinal0 [0x00466021+2056225]
	Ordinal0 [0x002FF4B0+586928]
	Ordinal0 [0x002F57C5+546757]
	Ordinal0 [0x002816F0+71408]
	Ordinal0 [0x0027E229+57897]
	Ordinal0 [0x0027C64A+50762]
	Ordinal0 [0x002A1EE9+204521]
	Ordinal0 [0x002A1D0D+204045]
	Ordinal0 [0x0029FC1B+195611]
	Ordinal0 [0x00283B7F+80767]
	Ordinal0 [0x00284B4E+84814]
	Ordinal0 [0x00284AD9+84697]
	Ordinal0 [0x0047CE64+2149988]
	GetHandleVerifier [0x006EBE95+1400773]
	GetHandleVerifier [0x006EBB61+1399953]
	GetHandleVerifier [0x006F31FA+1430314]
	GetHandleVerifier [0x006EC69F+1402831]
	Ordinal0 [0x00473D61+2112865]
	Ordinal0 [0x0047E5CB+2155979]
	Ordinal0 [0x0047E6F5+2156277]
	Ordinal0 [0x0048F26E+2224750]
	BaseThreadInitThunk [0x75686359+25]
	RtlGetAppContainerNamedObjectPath [0x778E8944+228]
	RtlGetAppContainerNamedObjectPath [0x778E8914+180]

	at org.openqa.selenium.remote.W3CHandshakeResponse.lambda$errorHandler$0(W3CHandshakeResponse.java:62)
	at org.openqa.selenium.remote.HandshakeResponse.lambda$getResponseFunction$0(HandshakeResponse.java:30)
	at org.openqa.selenium.remote.ProtocolHandshake.lambda$createSession$0(ProtocolHandshake.java:126)
	at java.util.stream.ReferencePipeline$3$1.accept(Unknown Source)
	at java.util.Spliterators$ArraySpliterator.tryAdvance(Unknown Source)
	at java.util.stream.ReferencePipeline.forEachWithCancel(Unknown Source)
	at java.util.stream.AbstractPipeline.copyIntoWithCancel(Unknown Source)
	at java.util.stream.AbstractPipeline.copyInto(Unknown Source)
	at java.util.stream.AbstractPipeline.wrapAndCopyInto(Unknown Source)
	at java.util.stream.FindOps$FindOp.evaluateSequential(Unknown Source)
	at java.util.stream.AbstractPipeline.evaluate(Unknown Source)
	at java.util.stream.ReferencePipeline.findFirst(Unknown Source)
	at org.openqa.selenium.remote.ProtocolHandshake.createSession(ProtocolHandshake.java:128)
	at org.openqa.selenium.remote.ProtocolHandshake.createSession(ProtocolHandshake.java:74)
	at org.openqa.selenium.remote.HttpCommandExecutor.execute(HttpCommandExecutor.java:136)
	at org.openqa.selenium.remote.service.DriverCommandExecutor.execute(DriverCommandExecutor.java:83)
	at org.openqa.selenium.remote.RemoteWebDriver.execute(RemoteWebDriver.java:552)
	at org.openqa.selenium.remote.RemoteWebDriver.startSession(RemoteWebDriver.java:213)
	at org.openqa.selenium.remote.RemoteWebDriver.<init>(RemoteWebDriver.java:131)
	at org.openqa.selenium.chrome.ChromeDriver.<init>(ChromeDriver.java:181)
	at org.openqa.selenium.chrome.ChromeDriver.<init>(ChromeDriver.java:168)
	at org.openqa.selenium.chrome.ChromeDriver.<init>(ChromeDriver.java:123)
	at com.bits4Testing.test.Baseclass.setUp(Baseclass.java:37)
	at java.util.concurrent.ThreadPoolExecutor.runWorker(Unknown Source)
	at java.util.concurrent.ThreadPoolExecutor$Worker.run(Unknown Source)
	at java.lang.Thread.run(Unknown Source)
... Removed 13 stack frames]]>
    </failure>
  </testcase> <!-- @BeforeClass setUp -->
  <testcase name="@AfterClass shutDown" time="0.0" classname="com.bits4Testing.test.ApiBasicTerminologies">
    <skipped/>
  </testcase> <!-- @AfterClass shutDown -->
  <testcase name="@BeforeClass setUp" time="0.0" classname="com.bits4Testing.test.TypesofVersionControlSystem">
    <failure type="org.openqa.selenium.WebDriverException" message="chrome not reachable
Build info: version: &amp;apos;3.141.59&amp;apos;, revision: &amp;apos;e82be7d358&amp;apos;, time: &amp;apos;2018-11-14T08:17:03&amp;apos;
System info: host: &amp;apos;SUDHANSHU&amp;apos;, ip: &amp;apos;192.168.225.242&amp;apos;, os.name: &amp;apos;Windows 10&amp;apos;, os.arch: &amp;apos;amd64&amp;apos;, os.version: &amp;apos;10.0&amp;apos;, java.version: &amp;apos;1.8.0_201&amp;apos;
Driver info: driver.version: ChromeDriver
remote stacktrace: Backtrace:
	Ordinal0 [0x0057C013+3194899]
	Ordinal0 [0x00466021+2056225]
	Ordinal0 [0x002FF4B0+586928]
	Ordinal0 [0x002F57C5+546757]
	Ordinal0 [0x002816F0+71408]
	Ordinal0 [0x0027E229+57897]
	Ordinal0 [0x0027C64A+50762]
	Ordinal0 [0x002A1EE9+204521]
	Ordinal0 [0x002A1D0D+204045]
	Ordinal0 [0x0029FC1B+195611]
	Ordinal0 [0x00283B7F+80767]
	Ordinal0 [0x00284B4E+84814]
	Ordinal0 [0x00284AD9+84697]
	Ordinal0 [0x0047CE64+2149988]
	GetHandleVerifier [0x006EBE95+1400773]
	GetHandleVerifier [0x006EBB61+1399953]
	GetHandleVerifier [0x006F31FA+1430314]
	GetHandleVerifier [0x006EC69F+1402831]
	Ordinal0 [0x00473D61+2112865]
	Ordinal0 [0x0047E5CB+2155979]
	Ordinal0 [0x0047E6F5+2156277]
	Ordinal0 [0x0048F26E+2224750]
	BaseThreadInitThunk [0x75686359+25]
	RtlGetAppContainerNamedObjectPath [0x778E8944+228]
	RtlGetAppContainerNamedObjectPath [0x778E8914+180]
">
      <![CDATA[org.openqa.selenium.WebDriverException: chrome not reachable
Build info: version: '3.141.59', revision: 'e82be7d358', time: '2018-11-14T08:17:03'
System info: host: 'SUDHANSHU', ip: '192.168.225.242', os.name: 'Windows 10', os.arch: 'amd64', os.version: '10.0', java.version: '1.8.0_201'
Driver info: driver.version: ChromeDriver
remote stacktrace: Backtrace:
	Ordinal0 [0x0057C013+3194899]
	Ordinal0 [0x00466021+2056225]
	Ordinal0 [0x002FF4B0+586928]
	Ordinal0 [0x002F57C5+546757]
	Ordinal0 [0x002816F0+71408]
	Ordinal0 [0x0027E229+57897]
	Ordinal0 [0x0027C64A+50762]
	Ordinal0 [0x002A1EE9+204521]
	Ordinal0 [0x002A1D0D+204045]
	Ordinal0 [0x0029FC1B+195611]
	Ordinal0 [0x00283B7F+80767]
	Ordinal0 [0x00284B4E+84814]
	Ordinal0 [0x00284AD9+84697]
	Ordinal0 [0x0047CE64+2149988]
	GetHandleVerifier [0x006EBE95+1400773]
	GetHandleVerifier [0x006EBB61+1399953]
	GetHandleVerifier [0x006F31FA+1430314]
	GetHandleVerifier [0x006EC69F+1402831]
	Ordinal0 [0x00473D61+2112865]
	Ordinal0 [0x0047E5CB+2155979]
	Ordinal0 [0x0047E6F5+2156277]
	Ordinal0 [0x0048F26E+2224750]
	BaseThreadInitThunk [0x75686359+25]
	RtlGetAppContainerNamedObjectPath [0x778E8944+228]
	RtlGetAppContainerNamedObjectPath [0x778E8914+180]

	at org.openqa.selenium.remote.W3CHandshakeResponse.lambda$errorHandler$0(W3CHandshakeResponse.java:62)
	at org.openqa.selenium.remote.HandshakeResponse.lambda$getResponseFunction$0(HandshakeResponse.java:30)
	at org.openqa.selenium.remote.ProtocolHandshake.lambda$createSession$0(ProtocolHandshake.java:126)
	at java.util.stream.ReferencePipeline$3$1.accept(Unknown Source)
	at java.util.Spliterators$ArraySpliterator.tryAdvance(Unknown Source)
	at java.util.stream.ReferencePipeline.forEachWithCancel(Unknown Source)
	at java.util.stream.AbstractPipeline.copyIntoWithCancel(Unknown Source)
	at java.util.stream.AbstractPipeline.copyInto(Unknown Source)
	at java.util.stream.AbstractPipeline.wrapAndCopyInto(Unknown Source)
	at java.util.stream.FindOps$FindOp.evaluateSequential(Unknown Source)
	at java.util.stream.AbstractPipeline.evaluate(Unknown Source)
	at java.util.stream.ReferencePipeline.findFirst(Unknown Source)
	at org.openqa.selenium.remote.ProtocolHandshake.createSession(ProtocolHandshake.java:128)
	at org.openqa.selenium.remote.ProtocolHandshake.createSession(ProtocolHandshake.java:74)
	at org.openqa.selenium.remote.HttpCommandExecutor.execute(HttpCommandExecutor.java:136)
	at org.openqa.selenium.remote.service.DriverCommandExecutor.execute(DriverCommandExecutor.java:83)
	at org.openqa.selenium.remote.RemoteWebDriver.execute(RemoteWebDriver.java:552)
	at org.openqa.selenium.remote.RemoteWebDriver.startSession(RemoteWebDriver.java:213)
	at org.openqa.selenium.remote.RemoteWebDriver.<init>(RemoteWebDriver.java:131)
	at org.openqa.selenium.chrome.ChromeDriver.<init>(ChromeDriver.java:181)
	at org.openqa.selenium.chrome.ChromeDriver.<init>(ChromeDriver.java:168)
	at org.openqa.selenium.chrome.ChromeDriver.<init>(ChromeDriver.java:123)
	at com.bits4Testing.test.Baseclass.setUp(Baseclass.java:37)
	at java.util.concurrent.ThreadPoolExecutor.runWorker(Unknown Source)
	at java.util.concurrent.ThreadPoolExecutor$Worker.run(Unknown Source)
	at java.lang.Thread.run(Unknown Source)
... Removed 13 stack frames]]>
    </failure>
  </testcase> <!-- @BeforeClass setUp -->
  <testcase name="@AfterClass shutDown" time="0.0" classname="com.bits4Testing.test.TypesofVersionControlSystem">
    <skipped/>
  </testcase> <!-- @AfterClass shutDown -->
  <testcase name="@BeforeClass setUp" time="0.0" classname="com.bits4Testing.test.APITesting">
    <failure type="org.openqa.selenium.WebDriverException" message="chrome not reachable
Build info: version: &amp;apos;3.141.59&amp;apos;, revision: &amp;apos;e82be7d358&amp;apos;, time: &amp;apos;2018-11-14T08:17:03&amp;apos;
System info: host: &amp;apos;SUDHANSHU&amp;apos;, ip: &amp;apos;192.168.225.242&amp;apos;, os.name: &amp;apos;Windows 10&amp;apos;, os.arch: &amp;apos;amd64&amp;apos;, os.version: &amp;apos;10.0&amp;apos;, java.version: &amp;apos;1.8.0_201&amp;apos;
Driver info: driver.version: ChromeDriver
remote stacktrace: Backtrace:
	Ordinal0 [0x0057C013+3194899]
	Ordinal0 [0x00466021+2056225]
	Ordinal0 [0x002FF4B0+586928]
	Ordinal0 [0x002F57C5+546757]
	Ordinal0 [0x002816F0+71408]
	Ordinal0 [0x0027E229+57897]
	Ordinal0 [0x0027C64A+50762]
	Ordinal0 [0x002A1EE9+204521]
	Ordinal0 [0x002A1D0D+204045]
	Ordinal0 [0x0029FC1B+195611]
	Ordinal0 [0x00283B7F+80767]
	Ordinal0 [0x00284B4E+84814]
	Ordinal0 [0x00284AD9+84697]
	Ordinal0 [0x0047CE64+2149988]
	GetHandleVerifier [0x006EBE95+1400773]
	GetHandleVerifier [0x006EBB61+1399953]
	GetHandleVerifier [0x006F31FA+1430314]
	GetHandleVerifier [0x006EC69F+1402831]
	Ordinal0 [0x00473D61+2112865]
	Ordinal0 [0x0047E5CB+2155979]
	Ordinal0 [0x0047E6F5+2156277]
	Ordinal0 [0x0048F26E+2224750]
	BaseThreadInitThunk [0x75686359+25]
	RtlGetAppContainerNamedObjectPath [0x778E8944+228]
	RtlGetAppContainerNamedObjectPath [0x778E8914+180]
">
      <![CDATA[org.openqa.selenium.WebDriverException: chrome not reachable
Build info: version: '3.141.59', revision: 'e82be7d358', time: '2018-11-14T08:17:03'
System info: host: 'SUDHANSHU', ip: '192.168.225.242', os.name: 'Windows 10', os.arch: 'amd64', os.version: '10.0', java.version: '1.8.0_201'
Driver info: driver.version: ChromeDriver
remote stacktrace: Backtrace:
	Ordinal0 [0x0057C013+3194899]
	Ordinal0 [0x00466021+2056225]
	Ordinal0 [0x002FF4B0+586928]
	Ordinal0 [0x002F57C5+546757]
	Ordinal0 [0x002816F0+71408]
	Ordinal0 [0x0027E229+57897]
	Ordinal0 [0x0027C64A+50762]
	Ordinal0 [0x002A1EE9+204521]
	Ordinal0 [0x002A1D0D+204045]
	Ordinal0 [0x0029FC1B+195611]
	Ordinal0 [0x00283B7F+80767]
	Ordinal0 [0x00284B4E+84814]
	Ordinal0 [0x00284AD9+84697]
	Ordinal0 [0x0047CE64+2149988]
	GetHandleVerifier [0x006EBE95+1400773]
	GetHandleVerifier [0x006EBB61+1399953]
	GetHandleVerifier [0x006F31FA+1430314]
	GetHandleVerifier [0x006EC69F+1402831]
	Ordinal0 [0x00473D61+2112865]
	Ordinal0 [0x0047E5CB+2155979]
	Ordinal0 [0x0047E6F5+2156277]
	Ordinal0 [0x0048F26E+2224750]
	BaseThreadInitThunk [0x75686359+25]
	RtlGetAppContainerNamedObjectPath [0x778E8944+228]
	RtlGetAppContainerNamedObjectPath [0x778E8914+180]

	at org.openqa.selenium.remote.W3CHandshakeResponse.lambda$errorHandler$0(W3CHandshakeResponse.java:62)
	at org.openqa.selenium.remote.HandshakeResponse.lambda$getResponseFunction$0(HandshakeResponse.java:30)
	at org.openqa.selenium.remote.ProtocolHandshake.lambda$createSession$0(ProtocolHandshake.java:126)
	at java.util.stream.ReferencePipeline$3$1.accept(Unknown Source)
	at java.util.Spliterators$ArraySpliterator.tryAdvance(Unknown Source)
	at java.util.stream.ReferencePipeline.forEachWithCancel(Unknown Source)
	at java.util.stream.AbstractPipeline.copyIntoWithCancel(Unknown Source)
	at java.util.stream.AbstractPipeline.copyInto(Unknown Source)
	at java.util.stream.AbstractPipeline.wrapAndCopyInto(Unknown Source)
	at java.util.stream.FindOps$FindOp.evaluateSequential(Unknown Source)
	at java.util.stream.AbstractPipeline.evaluate(Unknown Source)
	at java.util.stream.ReferencePipeline.findFirst(Unknown Source)
	at org.openqa.selenium.remote.ProtocolHandshake.createSession(ProtocolHandshake.java:128)
	at org.openqa.selenium.remote.ProtocolHandshake.createSession(ProtocolHandshake.java:74)
	at org.openqa.selenium.remote.HttpCommandExecutor.execute(HttpCommandExecutor.java:136)
	at org.openqa.selenium.remote.service.DriverCommandExecutor.execute(DriverCommandExecutor.java:83)
	at org.openqa.selenium.remote.RemoteWebDriver.execute(RemoteWebDriver.java:552)
	at org.openqa.selenium.remote.RemoteWebDriver.startSession(RemoteWebDriver.java:213)
	at org.openqa.selenium.remote.RemoteWebDriver.<init>(RemoteWebDriver.java:131)
	at org.openqa.selenium.chrome.ChromeDriver.<init>(ChromeDriver.java:181)
	at org.openqa.selenium.chrome.ChromeDriver.<init>(ChromeDriver.java:168)
	at org.openqa.selenium.chrome.ChromeDriver.<init>(ChromeDriver.java:123)
	at com.bits4Testing.test.Baseclass.setUp(Baseclass.java:37)
	at java.util.concurrent.ThreadPoolExecutor.runWorker(Unknown Source)
	at java.util.concurrent.ThreadPoolExecutor$Worker.run(Unknown Source)
	at java.lang.Thread.run(Unknown Source)
... Removed 12 stack frames]]>
    </failure>
  </testcase> <!-- @BeforeClass setUp -->
  <testcase name="@AfterClass shutDown" time="0.0" classname="com.bits4Testing.test.APITesting">
    <skipped/>
  </testcase> <!-- @AfterClass shutDown -->
  <testcase name="@BeforeClass setUp" time="0.0" classname="com.bits4Testing.test.APItestingUsingRESTAssured">
    <failure type="org.openqa.selenium.WebDriverException" message="chrome not reachable
Build info: version: &amp;apos;3.141.59&amp;apos;, revision: &amp;apos;e82be7d358&amp;apos;, time: &amp;apos;2018-11-14T08:17:03&amp;apos;
System info: host: &amp;apos;SUDHANSHU&amp;apos;, ip: &amp;apos;192.168.225.242&amp;apos;, os.name: &amp;apos;Windows 10&amp;apos;, os.arch: &amp;apos;amd64&amp;apos;, os.version: &amp;apos;10.0&amp;apos;, java.version: &amp;apos;1.8.0_201&amp;apos;
Driver info: driver.version: ChromeDriver
remote stacktrace: Backtrace:
	Ordinal0 [0x0057C013+3194899]
	Ordinal0 [0x00466021+2056225]
	Ordinal0 [0x002FF4B0+586928]
	Ordinal0 [0x002F57C5+546757]
	Ordinal0 [0x002816F0+71408]
	Ordinal0 [0x0027E229+57897]
	Ordinal0 [0x0027C64A+50762]
	Ordinal0 [0x002A1EE9+204521]
	Ordinal0 [0x002A1D0D+204045]
	Ordinal0 [0x0029FC1B+195611]
	Ordinal0 [0x00283B7F+80767]
	Ordinal0 [0x00284B4E+84814]
	Ordinal0 [0x00284AD9+84697]
	Ordinal0 [0x0047CE64+2149988]
	GetHandleVerifier [0x006EBE95+1400773]
	GetHandleVerifier [0x006EBB61+1399953]
	GetHandleVerifier [0x006F31FA+1430314]
	GetHandleVerifier [0x006EC69F+1402831]
	Ordinal0 [0x00473D61+2112865]
	Ordinal0 [0x0047E5CB+2155979]
	Ordinal0 [0x0047E6F5+2156277]
	Ordinal0 [0x0048F26E+2224750]
	BaseThreadInitThunk [0x75686359+25]
	RtlGetAppContainerNamedObjectPath [0x778E8944+228]
	RtlGetAppContainerNamedObjectPath [0x778E8914+180]
">
      <![CDATA[org.openqa.selenium.WebDriverException: chrome not reachable
Build info: version: '3.141.59', revision: 'e82be7d358', time: '2018-11-14T08:17:03'
System info: host: 'SUDHANSHU', ip: '192.168.225.242', os.name: 'Windows 10', os.arch: 'amd64', os.version: '10.0', java.version: '1.8.0_201'
Driver info: driver.version: ChromeDriver
remote stacktrace: Backtrace:
	Ordinal0 [0x0057C013+3194899]
	Ordinal0 [0x00466021+2056225]
	Ordinal0 [0x002FF4B0+586928]
	Ordinal0 [0x002F57C5+546757]
	Ordinal0 [0x002816F0+71408]
	Ordinal0 [0x0027E229+57897]
	Ordinal0 [0x0027C64A+50762]
	Ordinal0 [0x002A1EE9+204521]
	Ordinal0 [0x002A1D0D+204045]
	Ordinal0 [0x0029FC1B+195611]
	Ordinal0 [0x00283B7F+80767]
	Ordinal0 [0x00284B4E+84814]
	Ordinal0 [0x00284AD9+84697]
	Ordinal0 [0x0047CE64+2149988]
	GetHandleVerifier [0x006EBE95+1400773]
	GetHandleVerifier [0x006EBB61+1399953]
	GetHandleVerifier [0x006F31FA+1430314]
	GetHandleVerifier [0x006EC69F+1402831]
	Ordinal0 [0x00473D61+2112865]
	Ordinal0 [0x0047E5CB+2155979]
	Ordinal0 [0x0047E6F5+2156277]
	Ordinal0 [0x0048F26E+2224750]
	BaseThreadInitThunk [0x75686359+25]
	RtlGetAppContainerNamedObjectPath [0x778E8944+228]
	RtlGetAppContainerNamedObjectPath [0x778E8914+180]

	at org.openqa.selenium.remote.W3CHandshakeResponse.lambda$errorHandler$0(W3CHandshakeResponse.java:62)
	at org.openqa.selenium.remote.HandshakeResponse.lambda$getResponseFunction$0(HandshakeResponse.java:30)
	at org.openqa.selenium.remote.ProtocolHandshake.lambda$createSession$0(ProtocolHandshake.java:126)
	at java.util.stream.ReferencePipeline$3$1.accept(Unknown Source)
	at java.util.Spliterators$ArraySpliterator.tryAdvance(Unknown Source)
	at java.util.stream.ReferencePipeline.forEachWithCancel(Unknown Source)
	at java.util.stream.AbstractPipeline.copyIntoWithCancel(Unknown Source)
	at java.util.stream.AbstractPipeline.copyInto(Unknown Source)
	at java.util.stream.AbstractPipeline.wrapAndCopyInto(Unknown Source)
	at java.util.stream.FindOps$FindOp.evaluateSequential(Unknown Source)
	at java.util.stream.AbstractPipeline.evaluate(Unknown Source)
	at java.util.stream.ReferencePipeline.findFirst(Unknown Source)
	at org.openqa.selenium.remote.ProtocolHandshake.createSession(ProtocolHandshake.java:128)
	at org.openqa.selenium.remote.ProtocolHandshake.createSession(ProtocolHandshake.java:74)
	at org.openqa.selenium.remote.HttpCommandExecutor.execute(HttpCommandExecutor.java:136)
	at org.openqa.selenium.remote.service.DriverCommandExecutor.execute(DriverCommandExecutor.java:83)
	at org.openqa.selenium.remote.RemoteWebDriver.execute(RemoteWebDriver.java:552)
	at org.openqa.selenium.remote.RemoteWebDriver.startSession(RemoteWebDriver.java:213)
	at org.openqa.selenium.remote.RemoteWebDriver.<init>(RemoteWebDriver.java:131)
	at org.openqa.selenium.chrome.ChromeDriver.<init>(ChromeDriver.java:181)
	at org.openqa.selenium.chrome.ChromeDriver.<init>(ChromeDriver.java:168)
	at org.openqa.selenium.chrome.ChromeDriver.<init>(ChromeDriver.java:123)
	at com.bits4Testing.test.Baseclass.setUp(Baseclass.java:37)
	at java.util.concurrent.ThreadPoolExecutor.runWorker(Unknown Source)
	at java.util.concurrent.ThreadPoolExecutor$Worker.run(Unknown Source)
	at java.lang.Thread.run(Unknown Source)
... Removed 12 stack frames]]>
    </failure>
  </testcase> <!-- @BeforeClass setUp -->
  <testcase name="@AfterClass shutDown" time="0.0" classname="com.bits4Testing.test.APItestingUsingRESTAssured">
    <skipped/>
  </testcase> <!-- @AfterClass shutDown -->
  <testcase name="@BeforeClass setUp" time="0.0" classname="com.bits4Testing.test.ManualTesting">
    <failure type="org.openqa.selenium.WebDriverException" message="chrome not reachable
Build info: version: &amp;apos;3.141.59&amp;apos;, revision: &amp;apos;e82be7d358&amp;apos;, time: &amp;apos;2018-11-14T08:17:03&amp;apos;
System info: host: &amp;apos;SUDHANSHU&amp;apos;, ip: &amp;apos;192.168.225.242&amp;apos;, os.name: &amp;apos;Windows 10&amp;apos;, os.arch: &amp;apos;amd64&amp;apos;, os.version: &amp;apos;10.0&amp;apos;, java.version: &amp;apos;1.8.0_201&amp;apos;
Driver info: driver.version: ChromeDriver
remote stacktrace: Backtrace:
	Ordinal0 [0x0057C013+3194899]
	Ordinal0 [0x00466021+2056225]
	Ordinal0 [0x002FF4B0+586928]
	Ordinal0 [0x002F57C5+546757]
	Ordinal0 [0x002816F0+71408]
	Ordinal0 [0x0027E229+57897]
	Ordinal0 [0x0027C64A+50762]
	Ordinal0 [0x002A1EE9+204521]
	Ordinal0 [0x002A1D0D+204045]
	Ordinal0 [0x0029FC1B+195611]
	Ordinal0 [0x00283B7F+80767]
	Ordinal0 [0x00284B4E+84814]
	Ordinal0 [0x00284AD9+84697]
	Ordinal0 [0x0047CE64+2149988]
	GetHandleVerifier [0x006EBE95+1400773]
	GetHandleVerifier [0x006EBB61+1399953]
	GetHandleVerifier [0x006F31FA+1430314]
	GetHandleVerifier [0x006EC69F+1402831]
	Ordinal0 [0x00473D61+2112865]
	Ordinal0 [0x0047E5CB+2155979]
	Ordinal0 [0x0047E6F5+2156277]
	Ordinal0 [0x0048F26E+2224750]
	BaseThreadInitThunk [0x75686359+25]
	RtlGetAppContainerNamedObjectPath [0x778E8944+228]
	RtlGetAppContainerNamedObjectPath [0x778E8914+180]
">
      <![CDATA[org.openqa.selenium.WebDriverException: chrome not reachable
Build info: version: '3.141.59', revision: 'e82be7d358', time: '2018-11-14T08:17:03'
System info: host: 'SUDHANSHU', ip: '192.168.225.242', os.name: 'Windows 10', os.arch: 'amd64', os.version: '10.0', java.version: '1.8.0_201'
Driver info: driver.version: ChromeDriver
remote stacktrace: Backtrace:
	Ordinal0 [0x0057C013+3194899]
	Ordinal0 [0x00466021+2056225]
	Ordinal0 [0x002FF4B0+586928]
	Ordinal0 [0x002F57C5+546757]
	Ordinal0 [0x002816F0+71408]
	Ordinal0 [0x0027E229+57897]
	Ordinal0 [0x0027C64A+50762]
	Ordinal0 [0x002A1EE9+204521]
	Ordinal0 [0x002A1D0D+204045]
	Ordinal0 [0x0029FC1B+195611]
	Ordinal0 [0x00283B7F+80767]
	Ordinal0 [0x00284B4E+84814]
	Ordinal0 [0x00284AD9+84697]
	Ordinal0 [0x0047CE64+2149988]
	GetHandleVerifier [0x006EBE95+1400773]
	GetHandleVerifier [0x006EBB61+1399953]
	GetHandleVerifier [0x006F31FA+1430314]
	GetHandleVerifier [0x006EC69F+1402831]
	Ordinal0 [0x00473D61+2112865]
	Ordinal0 [0x0047E5CB+2155979]
	Ordinal0 [0x0047E6F5+2156277]
	Ordinal0 [0x0048F26E+2224750]
	BaseThreadInitThunk [0x75686359+25]
	RtlGetAppContainerNamedObjectPath [0x778E8944+228]
	RtlGetAppContainerNamedObjectPath [0x778E8914+180]

	at org.openqa.selenium.remote.W3CHandshakeResponse.lambda$errorHandler$0(W3CHandshakeResponse.java:62)
	at org.openqa.selenium.remote.HandshakeResponse.lambda$getResponseFunction$0(HandshakeResponse.java:30)
	at org.openqa.selenium.remote.ProtocolHandshake.lambda$createSession$0(ProtocolHandshake.java:126)
	at java.util.stream.ReferencePipeline$3$1.accept(Unknown Source)
	at java.util.Spliterators$ArraySpliterator.tryAdvance(Unknown Source)
	at java.util.stream.ReferencePipeline.forEachWithCancel(Unknown Source)
	at java.util.stream.AbstractPipeline.copyIntoWithCancel(Unknown Source)
	at java.util.stream.AbstractPipeline.copyInto(Unknown Source)
	at java.util.stream.AbstractPipeline.wrapAndCopyInto(Unknown Source)
	at java.util.stream.FindOps$FindOp.evaluateSequential(Unknown Source)
	at java.util.stream.AbstractPipeline.evaluate(Unknown Source)
	at java.util.stream.ReferencePipeline.findFirst(Unknown Source)
	at org.openqa.selenium.remote.ProtocolHandshake.createSession(ProtocolHandshake.java:128)
	at org.openqa.selenium.remote.ProtocolHandshake.createSession(ProtocolHandshake.java:74)
	at org.openqa.selenium.remote.HttpCommandExecutor.execute(HttpCommandExecutor.java:136)
	at org.openqa.selenium.remote.service.DriverCommandExecutor.execute(DriverCommandExecutor.java:83)
	at org.openqa.selenium.remote.RemoteWebDriver.execute(RemoteWebDriver.java:552)
	at org.openqa.selenium.remote.RemoteWebDriver.startSession(RemoteWebDriver.java:213)
	at org.openqa.selenium.remote.RemoteWebDriver.<init>(RemoteWebDriver.java:131)
	at org.openqa.selenium.chrome.ChromeDriver.<init>(ChromeDriver.java:181)
	at org.openqa.selenium.chrome.ChromeDriver.<init>(ChromeDriver.java:168)
	at org.openqa.selenium.chrome.ChromeDriver.<init>(ChromeDriver.java:123)
	at com.bits4Testing.test.Baseclass.setUp(Baseclass.java:37)
	at java.util.concurrent.ThreadPoolExecutor.runWorker(Unknown Source)
	at java.util.concurrent.ThreadPoolExecutor$Worker.run(Unknown Source)
	at java.lang.Thread.run(Unknown Source)
... Removed 13 stack frames]]>
    </failure>
  </testcase> <!-- @BeforeClass setUp -->
  <testcase name="@AfterClass shutDown" time="0.0" classname="com.bits4Testing.test.ManualTesting">
    <skipped/>
  </testcase> <!-- @AfterClass shutDown -->
  <testcase name="@BeforeClass setUp" time="0.0" classname="com.bits4Testing.test.AutomationTesting">
    <failure type="org.openqa.selenium.WebDriverException" message="chrome not reachable
Build info: version: &amp;apos;3.141.59&amp;apos;, revision: &amp;apos;e82be7d358&amp;apos;, time: &amp;apos;2018-11-14T08:17:03&amp;apos;
System info: host: &amp;apos;SUDHANSHU&amp;apos;, ip: &amp;apos;192.168.225.242&amp;apos;, os.name: &amp;apos;Windows 10&amp;apos;, os.arch: &amp;apos;amd64&amp;apos;, os.version: &amp;apos;10.0&amp;apos;, java.version: &amp;apos;1.8.0_201&amp;apos;
Driver info: driver.version: ChromeDriver
remote stacktrace: Backtrace:
	Ordinal0 [0x0057C013+3194899]
	Ordinal0 [0x00466021+2056225]
	Ordinal0 [0x002FF4B0+586928]
	Ordinal0 [0x002F57C5+546757]
	Ordinal0 [0x002816F0+71408]
	Ordinal0 [0x0027E229+57897]
	Ordinal0 [0x0027C64A+50762]
	Ordinal0 [0x002A1EE9+204521]
	Ordinal0 [0x002A1D0D+204045]
	Ordinal0 [0x0029FC1B+195611]
	Ordinal0 [0x00283B7F+80767]
	Ordinal0 [0x00284B4E+84814]
	Ordinal0 [0x00284AD9+84697]
	Ordinal0 [0x0047CE64+2149988]
	GetHandleVerifier [0x006EBE95+1400773]
	GetHandleVerifier [0x006EBB61+1399953]
	GetHandleVerifier [0x006F31FA+1430314]
	GetHandleVerifier [0x006EC69F+1402831]
	Ordinal0 [0x00473D61+2112865]
	Ordinal0 [0x0047E5CB+2155979]
	Ordinal0 [0x0047E6F5+2156277]
	Ordinal0 [0x0048F26E+2224750]
	BaseThreadInitThunk [0x75686359+25]
	RtlGetAppContainerNamedObjectPath [0x778E8944+228]
	RtlGetAppContainerNamedObjectPath [0x778E8914+180]
">
      <![CDATA[org.openqa.selenium.WebDriverException: chrome not reachable
Build info: version: '3.141.59', revision: 'e82be7d358', time: '2018-11-14T08:17:03'
System info: host: 'SUDHANSHU', ip: '192.168.225.242', os.name: 'Windows 10', os.arch: 'amd64', os.version: '10.0', java.version: '1.8.0_201'
Driver info: driver.version: ChromeDriver
remote stacktrace: Backtrace:
	Ordinal0 [0x0057C013+3194899]
	Ordinal0 [0x00466021+2056225]
	Ordinal0 [0x002FF4B0+586928]
	Ordinal0 [0x002F57C5+546757]
	Ordinal0 [0x002816F0+71408]
	Ordinal0 [0x0027E229+57897]
	Ordinal0 [0x0027C64A+50762]
	Ordinal0 [0x002A1EE9+204521]
	Ordinal0 [0x002A1D0D+204045]
	Ordinal0 [0x0029FC1B+195611]
	Ordinal0 [0x00283B7F+80767]
	Ordinal0 [0x00284B4E+84814]
	Ordinal0 [0x00284AD9+84697]
	Ordinal0 [0x0047CE64+2149988]
	GetHandleVerifier [0x006EBE95+1400773]
	GetHandleVerifier [0x006EBB61+1399953]
	GetHandleVerifier [0x006F31FA+1430314]
	GetHandleVerifier [0x006EC69F+1402831]
	Ordinal0 [0x00473D61+2112865]
	Ordinal0 [0x0047E5CB+2155979]
	Ordinal0 [0x0047E6F5+2156277]
	Ordinal0 [0x0048F26E+2224750]
	BaseThreadInitThunk [0x75686359+25]
	RtlGetAppContainerNamedObjectPath [0x778E8944+228]
	RtlGetAppContainerNamedObjectPath [0x778E8914+180]

	at org.openqa.selenium.remote.W3CHandshakeResponse.lambda$errorHandler$0(W3CHandshakeResponse.java:62)
	at org.openqa.selenium.remote.HandshakeResponse.lambda$getResponseFunction$0(HandshakeResponse.java:30)
	at org.openqa.selenium.remote.ProtocolHandshake.lambda$createSession$0(ProtocolHandshake.java:126)
	at java.util.stream.ReferencePipeline$3$1.accept(Unknown Source)
	at java.util.Spliterators$ArraySpliterator.tryAdvance(Unknown Source)
	at java.util.stream.ReferencePipeline.forEachWithCancel(Unknown Source)
	at java.util.stream.AbstractPipeline.copyIntoWithCancel(Unknown Source)
	at java.util.stream.AbstractPipeline.copyInto(Unknown Source)
	at java.util.stream.AbstractPipeline.wrapAndCopyInto(Unknown Source)
	at java.util.stream.FindOps$FindOp.evaluateSequential(Unknown Source)
	at java.util.stream.AbstractPipeline.evaluate(Unknown Source)
	at java.util.stream.ReferencePipeline.findFirst(Unknown Source)
	at org.openqa.selenium.remote.ProtocolHandshake.createSession(ProtocolHandshake.java:128)
	at org.openqa.selenium.remote.ProtocolHandshake.createSession(ProtocolHandshake.java:74)
	at org.openqa.selenium.remote.HttpCommandExecutor.execute(HttpCommandExecutor.java:136)
	at org.openqa.selenium.remote.service.DriverCommandExecutor.execute(DriverCommandExecutor.java:83)
	at org.openqa.selenium.remote.RemoteWebDriver.execute(RemoteWebDriver.java:552)
	at org.openqa.selenium.remote.RemoteWebDriver.startSession(RemoteWebDriver.java:213)
	at org.openqa.selenium.remote.RemoteWebDriver.<init>(RemoteWebDriver.java:131)
	at org.openqa.selenium.chrome.ChromeDriver.<init>(ChromeDriver.java:181)
	at org.openqa.selenium.chrome.ChromeDriver.<init>(ChromeDriver.java:168)
	at org.openqa.selenium.chrome.ChromeDriver.<init>(ChromeDriver.java:123)
	at com.bits4Testing.test.Baseclass.setUp(Baseclass.java:37)
	at java.util.concurrent.ThreadPoolExecutor.runWorker(Unknown Source)
	at java.util.concurrent.ThreadPoolExecutor$Worker.run(Unknown Source)
	at java.lang.Thread.run(Unknown Source)
... Removed 13 stack frames]]>
    </failure>
  </testcase> <!-- @BeforeClass setUp -->
  <testcase name="@AfterClass shutDown" time="0.0" classname="com.bits4Testing.test.AutomationTesting">
    <skipped/>
  </testcase> <!-- @AfterClass shutDown -->
  <testcase name="@BeforeClass setUp" time="0.0" classname="com.bits4Testing.test.SDETDefinition">
    <failure type="org.openqa.selenium.WebDriverException" message="chrome not reachable
Build info: version: &amp;apos;3.141.59&amp;apos;, revision: &amp;apos;e82be7d358&amp;apos;, time: &amp;apos;2018-11-14T08:17:03&amp;apos;
System info: host: &amp;apos;SUDHANSHU&amp;apos;, ip: &amp;apos;192.168.225.242&amp;apos;, os.name: &amp;apos;Windows 10&amp;apos;, os.arch: &amp;apos;amd64&amp;apos;, os.version: &amp;apos;10.0&amp;apos;, java.version: &amp;apos;1.8.0_201&amp;apos;
Driver info: driver.version: ChromeDriver
remote stacktrace: Backtrace:
	Ordinal0 [0x0057C013+3194899]
	Ordinal0 [0x00466021+2056225]
	Ordinal0 [0x002FF4B0+586928]
	Ordinal0 [0x002F57C5+546757]
	Ordinal0 [0x002816F0+71408]
	Ordinal0 [0x0027E229+57897]
	Ordinal0 [0x0027C64A+50762]
	Ordinal0 [0x002A1EE9+204521]
	Ordinal0 [0x002A1D0D+204045]
	Ordinal0 [0x0029FC1B+195611]
	Ordinal0 [0x00283B7F+80767]
	Ordinal0 [0x00284B4E+84814]
	Ordinal0 [0x00284AD9+84697]
	Ordinal0 [0x0047CE64+2149988]
	GetHandleVerifier [0x006EBE95+1400773]
	GetHandleVerifier [0x006EBB61+1399953]
	GetHandleVerifier [0x006F31FA+1430314]
	GetHandleVerifier [0x006EC69F+1402831]
	Ordinal0 [0x00473D61+2112865]
	Ordinal0 [0x0047E5CB+2155979]
	Ordinal0 [0x0047E6F5+2156277]
	Ordinal0 [0x0048F26E+2224750]
	BaseThreadInitThunk [0x75686359+25]
	RtlGetAppContainerNamedObjectPath [0x778E8944+228]
	RtlGetAppContainerNamedObjectPath [0x778E8914+180]
">
      <![CDATA[org.openqa.selenium.WebDriverException: chrome not reachable
Build info: version: '3.141.59', revision: 'e82be7d358', time: '2018-11-14T08:17:03'
System info: host: 'SUDHANSHU', ip: '192.168.225.242', os.name: 'Windows 10', os.arch: 'amd64', os.version: '10.0', java.version: '1.8.0_201'
Driver info: driver.version: ChromeDriver
remote stacktrace: Backtrace:
	Ordinal0 [0x0057C013+3194899]
	Ordinal0 [0x00466021+2056225]
	Ordinal0 [0x002FF4B0+586928]
	Ordinal0 [0x002F57C5+546757]
	Ordinal0 [0x002816F0+71408]
	Ordinal0 [0x0027E229+57897]
	Ordinal0 [0x0027C64A+50762]
	Ordinal0 [0x002A1EE9+204521]
	Ordinal0 [0x002A1D0D+204045]
	Ordinal0 [0x0029FC1B+195611]
	Ordinal0 [0x00283B7F+80767]
	Ordinal0 [0x00284B4E+84814]
	Ordinal0 [0x00284AD9+84697]
	Ordinal0 [0x0047CE64+2149988]
	GetHandleVerifier [0x006EBE95+1400773]
	GetHandleVerifier [0x006EBB61+1399953]
	GetHandleVerifier [0x006F31FA+1430314]
	GetHandleVerifier [0x006EC69F+1402831]
	Ordinal0 [0x00473D61+2112865]
	Ordinal0 [0x0047E5CB+2155979]
	Ordinal0 [0x0047E6F5+2156277]
	Ordinal0 [0x0048F26E+2224750]
	BaseThreadInitThunk [0x75686359+25]
	RtlGetAppContainerNamedObjectPath [0x778E8944+228]
	RtlGetAppContainerNamedObjectPath [0x778E8914+180]

	at org.openqa.selenium.remote.W3CHandshakeResponse.lambda$errorHandler$0(W3CHandshakeResponse.java:62)
	at org.openqa.selenium.remote.HandshakeResponse.lambda$getResponseFunction$0(HandshakeResponse.java:30)
	at org.openqa.selenium.remote.ProtocolHandshake.lambda$createSession$0(ProtocolHandshake.java:126)
	at java.util.stream.ReferencePipeline$3$1.accept(Unknown Source)
	at java.util.Spliterators$ArraySpliterator.tryAdvance(Unknown Source)
	at java.util.stream.ReferencePipeline.forEachWithCancel(Unknown Source)
	at java.util.stream.AbstractPipeline.copyIntoWithCancel(Unknown Source)
	at java.util.stream.AbstractPipeline.copyInto(Unknown Source)
	at java.util.stream.AbstractPipeline.wrapAndCopyInto(Unknown Source)
	at java.util.stream.FindOps$FindOp.evaluateSequential(Unknown Source)
	at java.util.stream.AbstractPipeline.evaluate(Unknown Source)
	at java.util.stream.ReferencePipeline.findFirst(Unknown Source)
	at org.openqa.selenium.remote.ProtocolHandshake.createSession(ProtocolHandshake.java:128)
	at org.openqa.selenium.remote.ProtocolHandshake.createSession(ProtocolHandshake.java:74)
	at org.openqa.selenium.remote.HttpCommandExecutor.execute(HttpCommandExecutor.java:136)
	at org.openqa.selenium.remote.service.DriverCommandExecutor.execute(DriverCommandExecutor.java:83)
	at org.openqa.selenium.remote.RemoteWebDriver.execute(RemoteWebDriver.java:552)
	at org.openqa.selenium.remote.RemoteWebDriver.startSession(RemoteWebDriver.java:213)
	at org.openqa.selenium.remote.RemoteWebDriver.<init>(RemoteWebDriver.java:131)
	at org.openqa.selenium.chrome.ChromeDriver.<init>(ChromeDriver.java:181)
	at org.openqa.selenium.chrome.ChromeDriver.<init>(ChromeDriver.java:168)
	at org.openqa.selenium.chrome.ChromeDriver.<init>(ChromeDriver.java:123)
	at com.bits4Testing.test.Baseclass.setUp(Baseclass.java:37)
	at java.util.concurrent.ThreadPoolExecutor.runWorker(Unknown Source)
	at java.util.concurrent.ThreadPoolExecutor$Worker.run(Unknown Source)
	at java.lang.Thread.run(Unknown Source)
... Removed 13 stack frames]]>
    </failure>
  </testcase> <!-- @BeforeClass setUp -->
  <testcase name="@AfterClass shutDown" time="0.0" classname="com.bits4Testing.test.SDETDefinition">
    <skipped/>
  </testcase> <!-- @AfterClass shutDown -->
  <testcase name="@BeforeClass setUp" time="0.0" classname="com.bits4Testing.test.SDLCSoftwaredevelopmentlifecycle">
    <failure type="org.openqa.selenium.WebDriverException" message="chrome not reachable
Build info: version: &amp;apos;3.141.59&amp;apos;, revision: &amp;apos;e82be7d358&amp;apos;, time: &amp;apos;2018-11-14T08:17:03&amp;apos;
System info: host: &amp;apos;SUDHANSHU&amp;apos;, ip: &amp;apos;192.168.225.242&amp;apos;, os.name: &amp;apos;Windows 10&amp;apos;, os.arch: &amp;apos;amd64&amp;apos;, os.version: &amp;apos;10.0&amp;apos;, java.version: &amp;apos;1.8.0_201&amp;apos;
Driver info: driver.version: ChromeDriver
remote stacktrace: Backtrace:
	Ordinal0 [0x0057C013+3194899]
	Ordinal0 [0x00466021+2056225]
	Ordinal0 [0x002FF4B0+586928]
	Ordinal0 [0x002F57C5+546757]
	Ordinal0 [0x002816F0+71408]
	Ordinal0 [0x0027E229+57897]
	Ordinal0 [0x0027C64A+50762]
	Ordinal0 [0x002A1EE9+204521]
	Ordinal0 [0x002A1D0D+204045]
	Ordinal0 [0x0029FC1B+195611]
	Ordinal0 [0x00283B7F+80767]
	Ordinal0 [0x00284B4E+84814]
	Ordinal0 [0x00284AD9+84697]
	Ordinal0 [0x0047CE64+2149988]
	GetHandleVerifier [0x006EBE95+1400773]
	GetHandleVerifier [0x006EBB61+1399953]
	GetHandleVerifier [0x006F31FA+1430314]
	GetHandleVerifier [0x006EC69F+1402831]
	Ordinal0 [0x00473D61+2112865]
	Ordinal0 [0x0047E5CB+2155979]
	Ordinal0 [0x0047E6F5+2156277]
	Ordinal0 [0x0048F26E+2224750]
	BaseThreadInitThunk [0x75686359+25]
	RtlGetAppContainerNamedObjectPath [0x778E8944+228]
	RtlGetAppContainerNamedObjectPath [0x778E8914+180]
">
      <![CDATA[org.openqa.selenium.WebDriverException: chrome not reachable
Build info: version: '3.141.59', revision: 'e82be7d358', time: '2018-11-14T08:17:03'
System info: host: 'SUDHANSHU', ip: '192.168.225.242', os.name: 'Windows 10', os.arch: 'amd64', os.version: '10.0', java.version: '1.8.0_201'
Driver info: driver.version: ChromeDriver
remote stacktrace: Backtrace:
	Ordinal0 [0x0057C013+3194899]
	Ordinal0 [0x00466021+2056225]
	Ordinal0 [0x002FF4B0+586928]
	Ordinal0 [0x002F57C5+546757]
	Ordinal0 [0x002816F0+71408]
	Ordinal0 [0x0027E229+57897]
	Ordinal0 [0x0027C64A+50762]
	Ordinal0 [0x002A1EE9+204521]
	Ordinal0 [0x002A1D0D+204045]
	Ordinal0 [0x0029FC1B+195611]
	Ordinal0 [0x00283B7F+80767]
	Ordinal0 [0x00284B4E+84814]
	Ordinal0 [0x00284AD9+84697]
	Ordinal0 [0x0047CE64+2149988]
	GetHandleVerifier [0x006EBE95+1400773]
	GetHandleVerifier [0x006EBB61+1399953]
	GetHandleVerifier [0x006F31FA+1430314]
	GetHandleVerifier [0x006EC69F+1402831]
	Ordinal0 [0x00473D61+2112865]
	Ordinal0 [0x0047E5CB+2155979]
	Ordinal0 [0x0047E6F5+2156277]
	Ordinal0 [0x0048F26E+2224750]
	BaseThreadInitThunk [0x75686359+25]
	RtlGetAppContainerNamedObjectPath [0x778E8944+228]
	RtlGetAppContainerNamedObjectPath [0x778E8914+180]

	at org.openqa.selenium.remote.W3CHandshakeResponse.lambda$errorHandler$0(W3CHandshakeResponse.java:62)
	at org.openqa.selenium.remote.HandshakeResponse.lambda$getResponseFunction$0(HandshakeResponse.java:30)
	at org.openqa.selenium.remote.ProtocolHandshake.lambda$createSession$0(ProtocolHandshake.java:126)
	at java.util.stream.ReferencePipeline$3$1.accept(Unknown Source)
	at java.util.Spliterators$ArraySpliterator.tryAdvance(Unknown Source)
	at java.util.stream.ReferencePipeline.forEachWithCancel(Unknown Source)
	at java.util.stream.AbstractPipeline.copyIntoWithCancel(Unknown Source)
	at java.util.stream.AbstractPipeline.copyInto(Unknown Source)
	at java.util.stream.AbstractPipeline.wrapAndCopyInto(Unknown Source)
	at java.util.stream.FindOps$FindOp.evaluateSequential(Unknown Source)
	at java.util.stream.AbstractPipeline.evaluate(Unknown Source)
	at java.util.stream.ReferencePipeline.findFirst(Unknown Source)
	at org.openqa.selenium.remote.ProtocolHandshake.createSession(ProtocolHandshake.java:128)
	at org.openqa.selenium.remote.ProtocolHandshake.createSession(ProtocolHandshake.java:74)
	at org.openqa.selenium.remote.HttpCommandExecutor.execute(HttpCommandExecutor.java:136)
	at org.openqa.selenium.remote.service.DriverCommandExecutor.execute(DriverCommandExecutor.java:83)
	at org.openqa.selenium.remote.RemoteWebDriver.execute(RemoteWebDriver.java:552)
	at org.openqa.selenium.remote.RemoteWebDriver.startSession(RemoteWebDriver.java:213)
	at org.openqa.selenium.remote.RemoteWebDriver.<init>(RemoteWebDriver.java:131)
	at org.openqa.selenium.chrome.ChromeDriver.<init>(ChromeDriver.java:181)
	at org.openqa.selenium.chrome.ChromeDriver.<init>(ChromeDriver.java:168)
	at org.openqa.selenium.chrome.ChromeDriver.<init>(ChromeDriver.java:123)
	at com.bits4Testing.test.Baseclass.setUp(Baseclass.java:37)
	at java.util.concurrent.ThreadPoolExecutor.runWorker(Unknown Source)
	at java.util.concurrent.ThreadPoolExecutor$Worker.run(Unknown Source)
	at java.lang.Thread.run(Unknown Source)
... Removed 13 stack frames]]>
    </failure>
  </testcase> <!-- @BeforeClass setUp -->
  <testcase name="@AfterClass shutDown" time="0.0" classname="com.bits4Testing.test.SDLCSoftwaredevelopmentlifecycle">
    <skipped/>
  </testcase> <!-- @AfterClass shutDown -->
  <testcase name="apiBasicTerminologies" time="0.0" classname="com.bits4Testing.test.RegressionTesting">
    <skipped/>
  </testcase> <!-- apiBasicTerminologies -->
  <testcase name="apiBasicTerminologies" time="0.016" classname="com.bits4Testing.test.GITgitHub">
    <skipped/>
  </testcase> <!-- apiBasicTerminologies -->
  <testcase name="apiBasicTerminologies" time="0.016" classname="com.bits4Testing.test.DistributedVersionControlSystem">
    <skipped/>
  </testcase> <!-- apiBasicTerminologies -->
  <testcase name="functionalResting" time="0.016" classname="com.bits4Testing.test.Functionaltesting">
    <skipped/>
  </testcase> <!-- functionalResting -->
  <testcase name="apiBasicTerminologies" time="0.016" classname="com.bits4Testing.test.STLCSoftwareTestingLifeCycle">
    <skipped/>
  </testcase> <!-- apiBasicTerminologies -->
  <testcase name="apiBasicTerminologies" time="0.016" classname="com.bits4Testing.test.BugLifeCycle">
    <skipped/>
  </testcase> <!-- apiBasicTerminologies -->
  <testcase name="apiBasicTerminologies" time="0.0" classname="com.bits4Testing.test.ApiBasicTerminologies">
    <skipped/>
  </testcase> <!-- apiBasicTerminologies -->
  <testcase name="apiBasicTerminologies" time="0.0" classname="com.bits4Testing.test.TypesofVersionControlSystem">
    <skipped/>
  </testcase> <!-- apiBasicTerminologies -->
  <testcase name="apiTesting" time="0.001" classname="com.bits4Testing.test.APITesting">
    <skipped/>
  </testcase> <!-- apiTesting -->
  <testcase name="apitestingUsingRESTAssured" time="0.0" classname="com.bits4Testing.test.APItestingUsingRESTAssured">
    <skipped/>
  </testcase> <!-- apitestingUsingRESTAssured -->
  <testcase name="apiBasicTerminologies" time="0.0" classname="com.bits4Testing.test.ManualTesting">
    <skipped/>
  </testcase> <!-- apiBasicTerminologies -->
  <testcase name="apiBasicTerminologies" time="0.0" classname="com.bits4Testing.test.AutomationTesting">
    <skipped/>
  </testcase> <!-- apiBasicTerminologies -->
  <testcase name="apiBasicTerminologies" time="0.0" classname="com.bits4Testing.test.SDETDefinition">
    <skipped/>
  </testcase> <!-- apiBasicTerminologies -->
  <testcase name="apiBasicTerminologies" time="0.0" classname="com.bits4Testing.test.SDLCSoftwaredevelopmentlifecycle">
    <skipped/>
  </testcase> <!-- apiBasicTerminologies -->
</testsuite> <!--  Regression Test -->
